C:\Users\thema\Documents\School 2020-2021\2 Fall 2020\ARCH 120 - AutoCAD\ARCH 120 - FLOOR PLAN.dwg,A-1.1,12/3/2020 11:58:38 PM,thema,AutoCAD PDF (General Documentation).pc3,ARCH D (36.00 x 24.00 Inches),1:1,
C:\Users\thema\Documents\School 2020-2021\2 Fall 2020\ARCH 120 - AutoCAD\ARCH 120 - FLOOR PLAN.dwg,A-1.1,12/4/2020 12:03:57 AM,thema,AutoCAD PDF (General Documentation).pc3,ARCH D (36.00 x 24.00 Inches),1:1,
C:\Users\thema\Documents\School 2020-2021\2 Fall 2020\ARCH 120 - AutoCAD\ELEVATIONS.dwg,A-3.1,12/7/2020 1:22:16 PM,thema,AutoCAD PDF (General Documentation).pc3,ARCH D (36.00 x 24.00 Inches),1:1,
C:\Users\thema\Documents\School 2020-2021\2 Fall 2020\ARCH 120 - AutoCAD\ELEVATIONS.dwg,A-3.1 (2),12/7/2020 1:26:59 PM,thema,AutoCAD PDF (General Documentation).pc3,ARCH D (36.00 x 24.00 Inches),1:1,
C:\Users\thema\Documents\School 2020-2021\2 Fall 2020\ARCH 120 - AutoCAD\ELEVATIONS.dwg,A-3.1 (2),12/7/2020 1:28:09 PM,thema,AutoCAD PDF (General Documentation).pc3,ARCH D (36.00 x 24.00 Inches),1:1,
C:\Users\thema\Documents\School 2020-2021\2 Fall 2020\ARCH 120 - AutoCAD\MAUGHAN_SITEPLAN.dwg,A-1.1,12/8/2020 8:21:49 PM,thema,AutoCAD PDF (General Documentation).pc3,ARCH D (36.00 x 24.00 Inches),1:1,
C:\Users\thema\Documents\School 2020-2021\2 Fall 2020\ARCH 120 - AutoCAD\ARCH 120 - FLOOR PLAN.dwg,S-4.1,12/9/2020 11:52:34 PM,thema,AutoCAD PDF (General Documentation).pc3,ARCH D (36.00 x 24.00 Inches),1:1,
C:\Users\thema\Documents\School 2020-2021\2 Fall 2020\ARCH 120 - AutoCAD\ARCH 120 - FLOOR PLAN.dwg,S-1.1,12/9/2020 11:55:50 PM,thema,AutoCAD PDF (General Documentation).pc3,ARCH D (36.00 x 24.00 Inches),1:1,
C:\Users\thema\Documents\School 2020-2021\2 Fall 2020\ARCH 120 - AutoCAD\ARCH 120 - FLOOR PLAN.dwg,S-2.1,12/9/2020 11:57:57 PM,thema,AutoCAD PDF (General Documentation).pc3,ARCH D (36.00 x 24.00 Inches),1:1,
C:\Users\thema\Documents\School 2020-2021\2 Fall 2020\ARCH 120 - AutoCAD\ARCH 120 - FLOOR PLAN.dwg,S-2.1,12/10/2020 12:05:03 AM,thema,AutoCAD PDF (General Documentation).pc3,ARCH D (36.00 x 24.00 Inches),1:1,
C:\Users\thema\Documents\School 2020-2021\2 Fall 2020\ARCH 120 - AutoCAD\ARCH 120 - FLOOR PLAN.dwg,S-2.1,12/11/2020 11:51:22 PM,thema,AutoCAD PDF (General Documentation).pc3,ARCH D (36.00 x 24.00 Inches),1:1,
C:\Users\thema\Documents\School 2020-2021\2 Fall 2020\ARCH 120 - AutoCAD\ARCH 120 - FLOOR PLAN.dwg,S-2.1,12/13/2020 12:46:52 AM,thema,AutoCAD PDF (General Documentation).pc3,ARCH D (36.00 x 24.00 Inches),1:1,
C:\Users\thema\Documents\School 2020-2021\2 Fall 2020\ARCH 120 - AutoCAD\ARCH 120 - FLOOR PLAN.dwg,S-1.1,12/13/2020 6:38:31 PM,thema,AutoCAD PDF (General Documentation).pc3,ARCH D (36.00 x 24.00 Inches),1:1,
C:\Users\thema\Documents\School 2020-2021\2 Fall 2020\ARCH 120 - AutoCAD\ARCH 120 - FLOOR PLAN.dwg,S-1.1,12/13/2020 7:27:31 PM,thema,AutoCAD PDF (General Documentation).pc3,ARCH D (36.00 x 24.00 Inches),1:1,
C:\Users\thema\Documents\School 2020-2021\2 Fall 2020\ARCH 120 - AutoCAD\ARCH 120 - FLOOR PLAN.dwg,S-2.1,12/13/2020 7:52:38 PM,thema,AutoCAD PDF (General Documentation).pc3,ARCH D (36.00 x 24.00 Inches),1:1,
C:\Users\thema\Documents\School 2020-2021\2 Fall 2020\ARCH 120 - AutoCAD\ARCH 120 - FLOOR PLAN.dwg,S-3.1,12/14/2020 1:12:33 AM,thema,AutoCAD PDF (General Documentation).pc3,ARCH D (36.00 x 24.00 Inches),1:1,
C:\Users\thema\Documents\School 2020-2021\2 Fall 2020\ARCH 120 - AutoCAD\ARCH 120 - FLOOR PLAN.dwg,S-1.2,12/14/2020 1:16:02 AM,thema,AutoCAD PDF (General Documentation).pc3,ARCH D (36.00 x 24.00 Inches),1:1,
C:\Users\thema\Documents\School 2020-2021\2 Fall 2020\ARCH 120 - AutoCAD\ARCH 120 - FLOOR PLAN.dwg,S-1.2,12/14/2020 1:27:32 PM,thema,AutoCAD PDF (General Documentation).pc3,ARCH D (36.00 x 24.00 Inches),1:1,
C:\Users\thema\Documents\School 2020-2021\2 Fall 2020\ARCH 120 - AutoCAD\ARCH 120 - FLOOR PLAN.dwg,S-1.1,12/14/2020 1:59:49 PM,thema,AutoCAD PDF (General Documentation).pc3,ARCH D (36.00 x 24.00 Inches),1:1,
C:\Users\thema\Documents\School 2020-2021\2 Fall 2020\ARCH 120 - AutoCAD\ARCH 120 - FLOOR PLAN.dwg,S-1.1,12/14/2020 2:05:02 PM,thema,AutoCAD PDF (General Documentation).pc3,ARCH D (36.00 x 24.00 Inches),1:1,
C:\Users\thema\Documents\School 2020-2021\2 Fall 2020\ARCH 120 - AutoCAD\ARCH 120 - FLOOR PLAN.dwg,S-1.1,12/14/2020 2:13:46 PM,thema,AutoCAD PDF (General Documentation).pc3,ARCH D (36.00 x 24.00 Inches),1:1,
C:\Users\thema\Documents\School 2020-2021\2 Fall 2020\ARCH 120 - AutoCAD\ARCH 120 - FLOOR PLAN.dwg,S-1.1,12/14/2020 2:15:07 PM,thema,AutoCAD PDF (General Documentation).pc3,ARCH D (36.00 x 24.00 Inches),1:1,
C:\Users\thema\Documents\School 2020-2021\2 Fall 2020\ARCH 120 - AutoCAD\ARCH 120 - FLOOR PLAN.dwg,S-1.3,12/14/2020 2:53:35 PM,thema,AutoCAD PDF (General Documentation).pc3,ARCH D (36.00 x 24.00 Inches),1:1,
C:\Users\thema\Documents\School 2020-2021\2 Fall 2020\ARCH 120 - AutoCAD\ARCH 120 - FLOOR PLAN.dwg,S-1.2,12/14/2020 3:08:55 PM,thema,AutoCAD PDF (General Documentation).pc3,ARCH D (36.00 x 24.00 Inches),1:1,
C:\Users\thema\Documents\School 2020-2021\2 Fall 2020\ARCH 120 - AutoCAD\ARCH 120 - FLOOR PLAN.dwg,S-1.1,12/14/2020 3:11:14 PM,thema,AutoCAD PDF (General Documentation).pc3,ARCH D (36.00 x 24.00 Inches),1:1,
C:\Users\thema\Documents\School 2020-2021\2 Fall 2020\ARCH 120 - AutoCAD\ARCH 120 - FLOOR PLAN.dwg,S-1.2,12/14/2020 3:12:01 PM,thema,AutoCAD PDF (General Documentation).pc3,ARCH D (36.00 x 24.00 Inches),1:1,
C:\Users\thema\Documents\School 2020-2021\2 Fall 2020\ARCH 120 - AutoCAD\ARCH 120 - FLOOR PLAN.dwg,S-1.3,12/14/2020 3:15:45 PM,thema,AutoCAD PDF (General Documentation).pc3,ARCH D (36.00 x 24.00 Inches),1:1,
C:\Users\thema\Documents\School 2020-2021\2 Fall 2020\ARCH 120 - AutoCAD\ARCH 120 - FLOOR PLAN.dwg,A-2.1,12/14/2020 3:22:48 PM,thema,AutoCAD PDF (General Documentation).pc3,ARCH D (36.00 x 24.00 Inches),1:1,
C:\Users\thema\Documents\School 2020-2021\2 Fall 2020\ARCH 120 - AutoCAD\ARCH 120 - FLOOR PLAN.dwg,A-2.1,12/14/2020 3:38:57 PM,thema,AutoCAD PDF (General Documentation).pc3,ARCH D (36.00 x 24.00 Inches),1:1,
C:\Users\thema\Documents\School 2020-2021\2 Fall 2020\ARCH 120 - AutoCAD\ARCH 120 - FLOOR PLAN.dwg,A-2.3,12/14/2020 3:48:36 PM,thema,AutoCAD PDF (General Documentation).pc3,ARCH D (36.00 x 24.00 Inches),1:1,
C:\Users\thema\Documents\School 2020-2021\2 Fall 2020\ARCH 120 - AutoCAD\ARCH 120 - FLOOR PLAN.dwg,A-2.3,12/14/2020 3:50:34 PM,thema,AutoCAD PDF (General Documentation).pc3,ARCH D (36.00 x 24.00 Inches),1:1,
C:\Users\thema\Documents\School 2020-2021\2 Fall 2020\ARCH 120 - AutoCAD\ARCH 120 - FLOOR PLAN.dwg,S-1.4,12/14/2020 7:24:39 PM,thema,AutoCAD PDF (General Documentation).pc3,ARCH D (36.00 x 24.00 Inches),1:1,
C:\Users\thema\Documents\School 2020-2021\2 Fall 2020\ARCH 120 - AutoCAD\ARCH 120 - FLOOR PLAN.dwg,S-1.4,12/14/2020 7:25:45 PM,thema,AutoCAD PDF (General Documentation).pc3,ARCH D (36.00 x 24.00 Inches),1:1,
C:\Users\thema\Documents\School 2020-2021\2 Fall 2020\ARCH 120 - AutoCAD\ARCH 120 - FLOOR PLAN.dwg,S-1.4,12/14/2020 8:42:23 PM,thema,AutoCAD PDF (General Documentation).pc3,ARCH D (36.00 x 24.00 Inches),1:1,
C:\Users\thema\Documents\School 2020-2021\2 Fall 2020\ARCH 120 - AutoCAD\ARCH 120 - FLOOR PLAN.dwg,A-2.2,12/14/2020 8:48:50 PM,thema,AutoCAD PDF (General Documentation).pc3,ARCH D (36.00 x 24.00 Inches),1:1,
